<?xml version="1.0" encoding="UTF-8"?>
<!-- Generated by org.testng.reporters.JUnitXMLReporter -->
<testsuite ignored="0" hostname="DESKTOP-D4ST8IS" failures="0" tests="2" name="chromeTestParallel" time="18.449" errors="0" timestamp="2023-09-11T23:51:12 IST">
  <testcase classname="com.Flipkart.TestCases.ParallelTCLogin_001" name="chromeBrowser" time="11.55"/>
  <testcase classname="com.Flipkart.TestCases.ParallelTCLogin_001" name="fireFoxDriver" time="18.288"/>
</testsuite> <!-- chromeTestParallel -->
