<?xml version="1.0" encoding="UTF-8"?>
<!-- Generated by org.testng.reporters.JUnitXMLReporter -->
<testsuite ignored="0" hostname="DESKTOP-D4ST8IS" failures="0" tests="6" name="f" time="146.948" errors="0" timestamp="2023-09-11T21:59:04 IST">
  <testcase classname="com.Flipkart.TestCases.FacebookLogin_001" name="browserOpen" time="10.996"/>
  <testcase classname="com.Flipkart.TestCases.FacebookLogin_001" name="browserOpen" time="8.8"/>
  <testcase classname="com.Flipkart.TestCases.FacebookLogin_001" name="browserOpen" time="4.886"/>
  <testcase classname="com.Flipkart.TestCases.FacebookLogin_001" name="browserOpen" time="7.88"/>
  <testcase classname="com.Flipkart.TestCases.FacebookLogin_001" name="browserOpen" time="7.792"/>
  <testcase classname="com.Flipkart.TestCases.FacebookLogin_001" name="browserOpen" time="10.107"/>
</testsuite> <!-- f -->
