<?xml version="1.0" encoding="UTF-8"?>
<!-- Generated by org.testng.reporters.JUnitXMLReporter -->
<testsuite ignored="0" hostname="DESKTOP-D4ST8IS" failures="0" tests="6" name="fireFox" time="1.599" errors="0" timestamp="2023-09-11T19:52:26 IST">
  <testcase classname="com.Flipkart.TestCases.FacebookLogin_001" name="@BeforeMethod openBro" time="0.015">
    <failure type="java.lang.NullPointerException" message="Cannot invoke &amp;quot;org.openqa.selenium.WebDriver.get(String)&amp;quot; because &amp;quot;this.driver&amp;quot; is null">
      <![CDATA[java.lang.NullPointerException: Cannot invoke "org.openqa.selenium.WebDriver.get(String)" because "this.driver" is null
at com.Flipkart.TestCases.FacebookLogin_001.openBro(FacebookLogin_001.java:52)
at java.base/java.util.ArrayList.forEach(ArrayList.java:1511)
... Removed 31 stack frames]]>
    </failure>
  </testcase> <!-- @BeforeMethod openBro -->
  <testcase classname="com.Flipkart.TestCases.FacebookLogin_001" name="@AfterMethod closeBr" time="0.0">
    <skipped/>
  </testcase> <!-- @AfterMethod closeBr -->
  <testcase classname="com.Flipkart.TestCases.FacebookLogin_001" name="@BeforeMethod openBro" time="0.0">
    <skipped/>
  </testcase> <!-- @BeforeMethod openBro -->
  <testcase classname="com.Flipkart.TestCases.FacebookLogin_001" name="@AfterMethod closeBr" time="0.0">
    <skipped/>
  </testcase> <!-- @AfterMethod closeBr -->
  <testcase classname="com.Flipkart.TestCases.FacebookLogin_001" name="@BeforeMethod openBro" time="0.0">
    <skipped/>
  </testcase> <!-- @BeforeMethod openBro -->
  <testcase classname="com.Flipkart.TestCases.FacebookLogin_001" name="@AfterMethod closeBr" time="0.0">
    <skipped/>
  </testcase> <!-- @AfterMethod closeBr -->
  <testcase classname="com.Flipkart.TestCases.FacebookLogin_001" name="@BeforeMethod openBro" time="0.0">
    <skipped/>
  </testcase> <!-- @BeforeMethod openBro -->
  <testcase classname="com.Flipkart.TestCases.FacebookLogin_001" name="@AfterMethod closeBr" time="0.0">
    <skipped/>
  </testcase> <!-- @AfterMethod closeBr -->
  <testcase classname="com.Flipkart.TestCases.FacebookLogin_001" name="@BeforeMethod openBro" time="0.0">
    <skipped/>
  </testcase> <!-- @BeforeMethod openBro -->
  <testcase classname="com.Flipkart.TestCases.FacebookLogin_001" name="@AfterMethod closeBr" time="0.0">
    <skipped/>
  </testcase> <!-- @AfterMethod closeBr -->
  <testcase classname="com.Flipkart.TestCases.FacebookLogin_001" name="@BeforeMethod openBro" time="0.0">
    <skipped/>
  </testcase> <!-- @BeforeMethod openBro -->
  <testcase classname="com.Flipkart.TestCases.FacebookLogin_001" name="@AfterMethod closeBr" time="0.0">
    <skipped/>
  </testcase> <!-- @AfterMethod closeBr -->
  <testcase classname="com.Flipkart.TestCases.FacebookLogin_001" name="browserOpen" time="0.0">
    <skipped/>
  </testcase> <!-- browserOpen -->
  <testcase classname="com.Flipkart.TestCases.FacebookLogin_001" name="browserOpen" time="0.0">
    <skipped/>
  </testcase> <!-- browserOpen -->
  <testcase classname="com.Flipkart.TestCases.FacebookLogin_001" name="browserOpen" time="0.001">
    <skipped/>
  </testcase> <!-- browserOpen -->
  <testcase classname="com.Flipkart.TestCases.FacebookLogin_001" name="browserOpen" time="0.0">
    <skipped/>
  </testcase> <!-- browserOpen -->
  <testcase classname="com.Flipkart.TestCases.FacebookLogin_001" name="browserOpen" time="0.001">
    <skipped/>
  </testcase> <!-- browserOpen -->
  <testcase classname="com.Flipkart.TestCases.FacebookLogin_001" name="browserOpen" time="0.0">
    <skipped/>
  </testcase> <!-- browserOpen -->
</testsuite> <!-- fireFox -->
