<?xml version="1.0" encoding="UTF-8"?>
<!-- Generated by org.testng.reporters.JUnitXMLReporter -->
<testsuite ignored="0" hostname="DESKTOP-D4ST8IS" failures="0" tests="2" name="chromeTestParallel" time="17.336" errors="0" timestamp="2023-09-12T13:14:47 IST">
  <testcase classname="com.Flipkart.TestCases.ParallelTCLogin_001" name="fireFoxDriver" time="17.259"/>
  <testcase classname="com.Flipkart.TestCases.ParallelTCLogin_001" name="chromeBrowser" time="17.253"/>
</testsuite> <!-- chromeTestParallel -->
