<?xml version="1.0" encoding="UTF-8"?>
<!-- Generated by org.testng.reporters.JUnitXMLReporter -->
<testsuite ignored="0" hostname="DESKTOP-D4ST8IS" failures="0" tests="2" name="chromeTestParallel" time="18.917" errors="0" timestamp="2023-09-15T20:44:40 IST">
  <testcase classname="com.FBLogin.TestCases.ParallelTCLogin_001" name="chromeBrowser" time="18.821"/>
  <testcase classname="com.FBLogin.TestCases.ParallelTCLogin_001" name="fireFoxDriver" time="18.828"/>
</testsuite> <!-- chromeTestParallel -->
