<?xml version="1.0" encoding="UTF-8"?>
<testng-results ignored="0" total="4" passed="4" failed="0" skipped="0">
  <reporter-output>
  </reporter-output>
  <suite started-at="2023-09-14T20:12:13 IST" name="Suite" finished-at="2023-09-14T20:14:15 IST" duration-ms="121675">
    <groups>
    </groups>
    <test started-at="2023-09-14T20:12:13 IST" name="chromeTestParallel" finished-at="2023-09-14T20:12:56 IST" duration-ms="43455">
      <class name="com.Flipkart.TestCases.ParallelTCLogin_001">
        <test-method signature="fireFoxDriver()[pri:0, instance:com.Flipkart.TestCases.ParallelTCLogin_001@7b02881e]" started-at="2023-09-14T20:12:13 IST" name="fireFoxDriver" finished-at="2023-09-14T20:12:56 IST" duration-ms="43362" status="PASS">
          <reporter-output>
          </reporter-output>
        </test-method> <!-- fireFoxDriver -->
        <test-method signature="chromeBrowser()[pri:0, instance:com.Flipkart.TestCases.ParallelTCLogin_001@7b02881e]" started-at="2023-09-14T20:12:13 IST" name="chromeBrowser" finished-at="2023-09-14T20:12:29 IST" duration-ms="16155" status="PASS">
          <reporter-output>
          </reporter-output>
        </test-method> <!-- chromeBrowser -->
      </class> <!-- com.Flipkart.TestCases.ParallelTCLogin_001 -->
    </test> <!-- chromeTestParallel -->
    <test started-at="2023-09-14T20:12:57 IST" name="crossBrowser1" finished-at="2023-09-14T20:13:40 IST" duration-ms="43178">
      <class name="com.Flipkart.TestCases.FacebookLogin_001">
        <test-method is-config="true" signature="openBro(java.lang.String)[pri:0, instance:com.Flipkart.TestCases.FacebookLogin_001@19d481b]" started-at="2023-09-14T20:12:58 IST" name="openBro" finished-at="2023-09-14T20:13:22 IST" duration-ms="23415" status="PASS">
          <params>
            <param index="0">
              <value>
                <![CDATA[fireFox]]>
              </value>
            </param>
          </params>
          <reporter-output>
          </reporter-output>
        </test-method> <!-- openBro -->
        <test-method signature="browserOpen(java.lang.String,java.lang.String)[pri:0, instance:com.Flipkart.TestCases.FacebookLogin_001@19d481b]" started-at="2023-09-14T20:13:22 IST" name="browserOpen" data-provider="login" finished-at="2023-09-14T20:13:32 IST" duration-ms="10836" status="PASS">
          <params>
            <param index="0">
              <value>
                <![CDATA[ali146273@gmail.com]]>
              </value>
            </param>
            <param index="1">
              <value>
                <![CDATA[F@cebook@89]]>
              </value>
            </param>
          </params>
          <reporter-output>
          </reporter-output>
        </test-method> <!-- browserOpen -->
        <test-method is-config="true" signature="closeBr()[pri:0, instance:com.Flipkart.TestCases.FacebookLogin_001@19d481b]" started-at="2023-09-14T20:13:32 IST" name="closeBr" finished-at="2023-09-14T20:13:40 IST" duration-ms="7310" status="PASS">
          <reporter-output>
          </reporter-output>
        </test-method> <!-- closeBr -->
      </class> <!-- com.Flipkart.TestCases.FacebookLogin_001 -->
    </test> <!-- crossBrowser1 -->
    <test started-at="2023-09-14T20:13:40 IST" name="crossBrowser2" finished-at="2023-09-14T20:14:15 IST" duration-ms="34852">
      <class name="com.Flipkart.TestCases.FacebookLogin_001">
        <test-method is-config="true" signature="openBro(java.lang.String)[pri:0, instance:com.Flipkart.TestCases.FacebookLogin_001@59af0466]" started-at="2023-09-14T20:13:40 IST" name="openBro" finished-at="2023-09-14T20:13:56 IST" duration-ms="16145" status="PASS">
          <params>
            <param index="0">
              <value>
                <![CDATA[fireFox]]>
              </value>
            </param>
          </params>
          <reporter-output>
          </reporter-output>
        </test-method> <!-- openBro -->
        <test-method signature="browserOpen(java.lang.String,java.lang.String)[pri:0, instance:com.Flipkart.TestCases.FacebookLogin_001@59af0466]" started-at="2023-09-14T20:13:56 IST" name="browserOpen" data-provider="login" finished-at="2023-09-14T20:14:07 IST" duration-ms="11116" status="PASS">
          <params>
            <param index="0">
              <value>
                <![CDATA[ali146273@gmail.com]]>
              </value>
            </param>
            <param index="1">
              <value>
                <![CDATA[F@cebook@89]]>
              </value>
            </param>
          </params>
          <reporter-output>
          </reporter-output>
        </test-method> <!-- browserOpen -->
        <test-method is-config="true" signature="closeBr()[pri:0, instance:com.Flipkart.TestCases.FacebookLogin_001@59af0466]" started-at="2023-09-14T20:14:07 IST" name="closeBr" finished-at="2023-09-14T20:14:15 IST" duration-ms="7498" status="PASS">
          <reporter-output>
          </reporter-output>
        </test-method> <!-- closeBr -->
      </class> <!-- com.Flipkart.TestCases.FacebookLogin_001 -->
    </test> <!-- crossBrowser2 -->
  </suite> <!-- Suite -->
</testng-results>
