<?xml version="1.0" encoding="UTF-8"?>
<testsuite name="TestSuite" time="70.35" tests="4" errors="0" skipped="0" failures="0">
  <properties>
[...]
</properties>
  <testcase name="chromeBrowser" classname="com.Flipkart.TestCases.ParallelTCLogin_001" time="16.157"/>
  <testcase name="fireFoxDriver" classname="com.Flipkart.TestCases.ParallelTCLogin_001" time="43.357"/>
  <testcase name="browserOpen" classname="com.Flipkart.TestCases.FacebookLogin_001" time="10.836"/>
  <testcase name="browserOpen" classname="com.Flipkart.TestCases.FacebookLogin_001" time="11.118"/>
</testsuite>