<?xml version="1.0" encoding="UTF-8"?>
<testng-results ignored="0" total="2" passed="2" failed="0" skipped="0">
  <reporter-output>
  </reporter-output>
  <suite started-at="2023-09-14T22:22:42 IST" name="Suite" finished-at="2023-09-14T22:23:36 IST" duration-ms="54112">
    <groups>
    </groups>
    <test started-at="2023-09-14T22:22:42 IST" name="Test1" finished-at="2023-09-14T22:23:36 IST" duration-ms="54112">
      <class name="com.FBLogin.TestCases.CrossBrowserFBTCLogin_001">
        <test-method signature="chromeBrowser()[pri:0, instance:com.FBLogin.TestCases.CrossBrowserFBTCLogin_001@52719fb6]" started-at="2023-09-14T22:22:42 IST" name="chromeBrowser" finished-at="2023-09-14T22:23:02 IST" duration-ms="20103" status="PASS">
          <reporter-output>
          </reporter-output>
        </test-method> <!-- chromeBrowser -->
        <test-method signature="fireFox()[pri:0, instance:com.FBLogin.TestCases.CrossBrowserFBTCLogin_001@52719fb6]" started-at="2023-09-14T22:23:02 IST" name="fireFox" finished-at="2023-09-14T22:23:36 IST" duration-ms="33842" status="PASS">
          <reporter-output>
          </reporter-output>
        </test-method> <!-- fireFox -->
      </class> <!-- com.FBLogin.TestCases.CrossBrowserFBTCLogin_001 -->
    </test> <!-- Test1 -->
  </suite> <!-- Suite -->
</testng-results>
