<?xml version="1.0" encoding="UTF-8"?>
<testng-results ignored="0" total="1" passed="1" failed="0" skipped="0">
  <reporter-output>
  </reporter-output>
  <suite started-at="2023-09-15T23:13:50 IST" name="Suite" finished-at="2023-09-15T23:14:21 IST" duration-ms="31411">
    <groups>
    </groups>
    <test started-at="2023-09-15T23:13:50 IST" name="crossBrowser1" finished-at="2023-09-15T23:14:21 IST" duration-ms="31411">
      <class name="com.FBLogin.TestCases.FacebookLogin_001">
        <test-method is-config="true" signature="openBro(java.lang.String)[pri:0, instance:com.FBLogin.TestCases.FacebookLogin_001@6c1a5b54]" started-at="2023-09-15T23:13:51 IST" name="openBro" finished-at="2023-09-15T23:14:00 IST" duration-ms="8738" status="PASS">
          <params>
            <param index="0">
              <value>
                <![CDATA[chrome]]>
              </value>
            </param>
          </params>
          <reporter-output>
          </reporter-output>
        </test-method> <!-- openBro -->
        <test-method signature="browserOpen(java.lang.String,java.lang.String)[pri:1, instance:com.FBLogin.TestCases.FacebookLogin_001@6c1a5b54]" started-at="2023-09-15T23:14:00 IST" name="browserOpen" data-provider="login" finished-at="2023-09-15T23:14:20 IST" duration-ms="20726" status="PASS">
          <params>
            <param index="0">
              <value>
                <![CDATA[ali146273@gmail.com]]>
              </value>
            </param>
            <param index="1">
              <value>
                <![CDATA[F@cebook@89]]>
              </value>
            </param>
          </params>
          <reporter-output>
          </reporter-output>
        </test-method> <!-- browserOpen -->
        <test-method is-config="true" signature="closeBr()[pri:0, instance:com.FBLogin.TestCases.FacebookLogin_001@6c1a5b54]" started-at="2023-09-15T23:14:20 IST" name="closeBr" finished-at="2023-09-15T23:14:21 IST" duration-ms="580" status="PASS">
          <reporter-output>
          </reporter-output>
        </test-method> <!-- closeBr -->
      </class> <!-- com.FBLogin.TestCases.FacebookLogin_001 -->
    </test> <!-- crossBrowser1 -->
  </suite> <!-- Suite -->
</testng-results>
